2020-01-22 14:59:49,738 INFO app Thread-2 : [User test has logged out.]
2020-01-22 15:00:02,620 INFO app Thread-5 : [User admin has logged in.]
2020-01-22 15:00:20,446 INFO app Thread-11 : [User ID 1 has booked 13 tickets for Event ID 2.]
2020-01-22 15:00:31,763 INFO app Thread-15 : [User admin has logged out.]
2020-01-22 15:01:36,280 INFO app Thread-3 : [User test has logged in.]
2020-01-22 15:01:41,791 INFO app Thread-5 : [Attempt to log in to admin panel by user_id: 2]
2020-01-22 15:02:29,952 INFO app Thread-3 : [User test has logged out.]
2020-01-22 15:06:19,839 INFO app Thread-6 : [User test has logged in.]
2020-01-22 15:06:28,054 INFO app Thread-16 : [User ID 2 has booked 12 tickets for Event ID 1.]
2020-01-22 15:06:38,849 INFO app Thread-19 : [User test has logged out.]
2020-01-22 16:14:23,505 INFO app Thread-73 : [User test has logged out.]
2020-01-22 16:14:46,695 INFO app Thread-77 : [User admin has logged in.]
2020-01-22 16:14:52,994 INFO app Thread-81 : [User admin has logged out.]
2020-01-22 16:19:28,549 INFO app Thread-91 : [User test has logged in.]
2020-01-22 16:19:38,342 INFO app Thread-94 : [User test has logged out.]
2020-01-22 16:22:23,197 INFO app Thread-121 : [User test has logged in.]
2020-01-22 16:22:46,763 INFO app Thread-127 : [User test has logged out.]
2020-01-22 17:14:29,206 INFO app Thread-264 : [User test has logged in.]
2020-01-22 17:15:05,702 INFO app Thread-270 : [User test has logged out.]
2020-01-22 17:15:09,836 INFO app Thread-273 : [User test has logged in.]
2020-01-22 17:15:43,538 INFO app Thread-276 : [User test has logged out.]
2020-01-22 17:16:35,808 INFO app Thread-280 : [User test has logged in.]
2020-01-22 17:17:38,771 INFO app Thread-297 : [User test has logged out.]
2020-01-22 17:18:28,658 INFO app Thread-303 : [User test has logged in.]
2020-01-22 17:19:10,443 INFO app Thread-311 : [User test has logged out.]
2020-01-22 17:19:53,050 INFO app Thread-2 : [User admin has logged in.]
2020-01-22 17:23:36,372 INFO app Thread-25 : [User admin has logged out.]
2020-01-22 17:24:06,733 INFO app Thread-29 : [User test has logged in.]
2020-01-22 17:24:16,499 INFO app Thread-31 : [User test has logged out.]
2020-01-22 17:26:54,516 INFO app Thread-35 : [User test has logged in.]
2020-01-22 17:27:54,765 INFO app Thread-38 : [User test has logged out.]
2020-01-22 17:41:33,364 INFO app Thread-6 : [User test has logged in.]
2020-01-22 17:42:27,737 INFO app Thread-9 : [User test has logged out.]
2020-01-22 19:45:54,088 INFO app Thread-14 : [User admin has logged in.]
2020-01-22 19:52:05,721 INFO app Thread-17 : [User admin has logged out.]
2020-01-22 19:52:52,050 INFO app Thread-22 : [User test has logged in.]
2020-01-22 19:55:34,277 INFO app Thread-30 : [User test has logged out.]
2020-01-22 19:57:33,835 INFO app Thread-35 : [User test has logged in.]
2020-01-22 19:59:13,063 INFO app Thread-39 : [User test has logged out.]
2020-01-22 20:02:16,108 INFO app Thread-8 : [User test has logged in.]
2020-01-22 20:02:24,155 INFO app Thread-10 : [User test has logged out.]
2020-01-23 19:44:36,658 INFO app Thread-159 : [User ID 1 has booked 12 tickets for Event ID 1.]
2020-01-23 19:50:14,568 INFO app Thread-7 : [User ID 1 has booked 5 tickets for Event ID 1.]
2020-01-24 00:08:01,762 INFO app Thread-431 : [User admin has logged out.]
2020-01-25 20:00:37,530 INFO app Thread-46 : [User admin has logged in.]
2020-01-28 14:06:51,268 INFO app Thread-6 : [User admin has logged out.]
2020-01-28 14:07:00,012 INFO app Thread-10 : [User test has logged in.]
2020-01-28 14:07:14,101 INFO app Thread-17 : [User test has logged out.]
2020-01-28 14:07:19,953 INFO app Thread-20 : [User admin has logged in.]
2020-01-28 19:23:16,411 INFO app Thread-243 : [User admin has logged out.]
2020-01-28 19:48:03,241 INFO app Thread-10 : [User fireball has been newly registered.]
2020-01-28 19:48:12,634 INFO app Thread-12 : [User fireball has logged in.]
2020-01-28 19:48:15,981 INFO app Thread-14 : [User fireball has logged out.]
2020-01-28 20:00:19,180 INFO app Thread-121 : [User test has logged in.]
2020-01-28 20:15:38,744 INFO app Thread-125 : [User test has logged out.]
2020-01-28 20:25:28,120 INFO app Thread-32 : [User admin has logged in.]
2020-01-29 00:27:24,357 INFO app Thread-11 : [User admin has logged out.]
2020-01-29 00:55:27,138 INFO app Thread-26 : [User admin has logged out.]
2020-01-29 13:19:23,741 INFO app Thread-26 : [User test has logged in.]
2020-01-29 13:19:33,673 INFO app Thread-30 : [User test has logged out.]
2020-01-29 13:19:37,840 INFO app Thread-33 : [User admin has logged in.]
2020-01-30 20:37:13,794 INFO app Thread-17 : [User admin has logged in.]
2020-01-30 23:18:48,281 INFO app Thread-50 : [User admin has logged out.]
2020-01-30 23:18:54,158 INFO app Thread-53 : [User admin has logged in.]
2020-01-30 23:19:37,063 INFO app Thread-60 : [User admin has logged out.]
2020-01-30 23:19:41,490 INFO app Thread-63 : [User test has logged in.]
2020-01-30 23:19:55,677 INFO app Thread-70 : [User ID 2 has booked 5 tickets for Event ID 21.]
2020-01-30 23:20:17,678 INFO app Thread-78 : [User test has logged out.]
2020-01-30 23:20:22,616 INFO app Thread-81 : [User admin has logged in.]
2020-01-30 23:20:26,209 INFO app Thread-85 : [User admin has logged out.]
2020-01-31 14:03:41,468 INFO app Thread-10 : [User admin has logged in.]
2020-01-31 14:03:46,825 INFO app Thread-19 : [User admin has logged out.]
2020-01-31 17:55:52,164 INFO app Thread-58 : [User admin has logged out.]
2020-01-31 17:58:11,056 INFO app Thread-62 : [User admin has logged in.]
2020-01-31 17:58:50,417 INFO app Thread-65 : [User admin has logged out.]
2020-01-31 17:58:55,124 INFO app Thread-68 : [User admin has logged in.]
2020-01-31 17:59:01,692 INFO app Thread-71 : [User admin has logged out.]
2020-01-31 17:59:31,667 INFO app Thread-4 : [User admin has logged in.]
2020-01-31 18:01:09,833 INFO app Thread-12 : [User admin has logged out.]
2020-01-31 18:01:21,202 INFO app Thread-16 : [User admin has logged in.]
2020-01-31 18:04:08,389 INFO app Thread-19 : [User admin has logged out.]
2020-01-31 18:05:41,559 INFO app Thread-26 : [User admin has logged in.]
2020-01-31 18:06:01,827 INFO app Thread-29 : [User admin has logged out.]
2020-01-31 18:13:17,675 INFO app Thread-49 : [User admin has logged in.]
2020-01-31 18:14:46,508 INFO app Thread-60 : [User admin has logged out.]
2020-01-31 18:14:58,735 INFO app Thread-64 : [User admin has logged in.]
2020-01-31 18:15:32,918 INFO app Thread-67 : [User admin has logged out.]
2020-01-31 18:16:46,340 INFO app Thread-75 : [User admin has logged in.]
2020-01-31 18:18:01,086 INFO app Thread-80 : [User admin has logged out.]
2020-01-31 18:18:51,462 INFO app Thread-86 : [User admin has logged in.]
2020-01-31 18:21:13,218 INFO app Thread-103 : [User admin has logged out.]
2020-01-31 19:05:40,952 INFO app Thread-338 : [User admin has logged out.]
2020-01-31 19:21:11,502 INFO app Thread-499 : [User admin has logged in.]
2020-01-31 19:21:36,447 INFO app Thread-507 : [User admin has logged out.]
2020-01-31 19:22:43,226 INFO app Thread-522 : [User admin has logged out.]
2020-01-31 20:12:09,892 INFO app Thread-684 : [User admin has logged in.]
2020-01-31 21:02:37,267 INFO app Thread-865 : [User admin has logged out.]
2020-01-31 21:49:42,294 INFO app Thread-59 : [User test has logged out.]
2020-01-31 21:50:18,040 INFO app Thread-66 : [User admin has logged in.]
2020-01-31 21:51:32,217 INFO app Thread-74 : [User admin has logged out.]
2020-01-31 22:46:45,602 INFO app Thread-338 : [User admin has logged out.]
2020-01-31 22:47:53,220 INFO app Thread-355 : [User admin has logged in.]
2020-01-31 23:36:09,030 INFO app Thread-28 : [User ID 1 has booked 23 tickets for Event ID 22.]
2020-02-01 00:34:33,903 INFO app Thread-107 : [User ID 1 has booked 4 tickets for Event ID 24.]
2020-02-01 00:34:51,005 INFO app Thread-112 : [User ID 1 has booked 2 tickets for Event ID 26.]
2020-02-01 08:33:26,069 INFO app Thread-143 : [User admin has logged out.]
2020-02-01 08:39:32,600 INFO app Thread-4 : [User abc has been newly registered.]
2020-02-01 09:05:14,043 INFO app Thread-6 : [User abctest has been newly registered.]
2020-02-01 09:10:48,576 INFO app Thread-4 : [User test5 has been newly registered.]
2020-02-01 09:11:13,507 INFO app Thread-10 : [User test5 has logged out.]
2020-02-01 09:11:45,884 INFO app Thread-7 : [User test5 has logged out.]
2020-02-01 09:12:58,863 INFO app Thread-2 : [User test5 has logged out.]
2020-02-01 09:15:05,029 INFO app Thread-10 : [User ID 8 has booked 4 tickets for Event ID 25.]
2020-02-01 09:15:10,419 INFO app Thread-15 : [User test5 has logged out.]
2020-02-01 09:17:36,702 INFO app Thread-2 : [User test5 has logged out.]
2020-02-01 09:19:00,025 INFO app Thread-3 : [User test5 has logged in.]
2020-02-01 09:19:05,561 INFO app Thread-5 : [User test5 has logged out.]
2020-02-01 09:19:09,670 INFO app Thread-8 : [User test5 has logged in.]
2020-02-01 09:19:11,550 INFO app Thread-10 : [User test5 has logged out.]
2020-02-01 09:19:52,118 INFO app Thread-20 : [User test5 has logged in.]
2020-02-01 09:19:53,968 INFO app Thread-22 : [User test5 has logged out.]
2020-02-01 09:35:58,937 INFO app Thread-5 : [User test5 has logged in.]
2020-02-01 09:36:00,379 INFO app Thread-7 : [User test5 has logged out.]
2020-02-01 09:36:12,152 INFO app Thread-10 : [User admin has logged in.]
